0 info it worked if it ends with ok
1 verbose cli [ '/usr/local/bin/node',
1 verbose cli   '/usr/local/bin/npm',
1 verbose cli   'install',
1 verbose cli   'node-sass',
1 verbose cli   '-g' ]
2 info using npm@2.14.12
3 info using node@v4.3.1
4 verbose install initial load of /Users/dax/.npm-packages/lib/package.json
5 verbose readDependencies loading dependencies from /Users/dax/.npm-packages/lib/package.json
6 silly cache add args [ 'node-sass', null ]
7 verbose cache add spec node-sass
8 silly cache add parsed spec Result {
8 silly cache add   raw: 'node-sass',
8 silly cache add   scope: null,
8 silly cache add   name: 'node-sass',
8 silly cache add   rawSpec: '',
8 silly cache add   spec: 'latest',
8 silly cache add   type: 'tag' }
9 silly addNamed node-sass@latest
10 verbose addNamed "latest" is being treated as a dist-tag for node-sass
11 info addNameTag [ 'node-sass', 'latest' ]
12 silly mapToRegistry name node-sass
13 silly mapToRegistry using default registry
14 silly mapToRegistry registry https://registry.npmjs.org/
15 silly mapToRegistry uri https://registry.npmjs.org/node-sass
16 verbose addNameTag registry:https://registry.npmjs.org/node-sass not in flight; fetching
17 verbose request uri https://registry.npmjs.org/node-sass
18 verbose request no auth needed
19 info attempt registry request try #1 at 10:36:43 AM
20 verbose request id cecce3e01d9200aa
21 verbose etag "19FAYGC7LBCBJX2N9LCG6FCUU"
22 http request GET https://registry.npmjs.org/node-sass
23 http 304 https://registry.npmjs.org/node-sass
24 verbose headers { date: 'Sat, 14 May 2016 15:36:42 GMT',
24 verbose headers   via: '1.1 varnish',
24 verbose headers   'cache-control': 'max-age=300',
24 verbose headers   etag: '"19FAYGC7LBCBJX2N9LCG6FCUU"',
24 verbose headers   age: '11',
24 verbose headers   connection: 'keep-alive',
24 verbose headers   'x-served-by': 'cache-dfw1834-DFW',
24 verbose headers   'x-cache': 'HIT',
24 verbose headers   'x-cache-hits': '1',
24 verbose headers   'x-timer': 'S1463240202.271823,VS0,VE0',
24 verbose headers   vary: 'Accept-Encoding' }
25 silly get cb [ 304,
25 silly get   { date: 'Sat, 14 May 2016 15:36:42 GMT',
25 silly get     via: '1.1 varnish',
25 silly get     'cache-control': 'max-age=300',
25 silly get     etag: '"19FAYGC7LBCBJX2N9LCG6FCUU"',
25 silly get     age: '11',
25 silly get     connection: 'keep-alive',
25 silly get     'x-served-by': 'cache-dfw1834-DFW',
25 silly get     'x-cache': 'HIT',
25 silly get     'x-cache-hits': '1',
25 silly get     'x-timer': 'S1463240202.271823,VS0,VE0',
25 silly get     vary: 'Accept-Encoding' } ]
26 verbose etag https://registry.npmjs.org/node-sass from cache
27 verbose get saving node-sass to /Users/dax/.npm/registry.npmjs.org/node-sass/.cache.json
28 silly addNameTag next cb for node-sass with tag latest
29 silly addNamed node-sass@3.7.0
30 verbose addNamed "3.7.0" is a plain semver version for node-sass
31 silly cache afterAdd node-sass@3.7.0
32 verbose afterAdd /Users/dax/.npm/node-sass/3.7.0/package/package.json not in flight; writing
33 verbose afterAdd /Users/dax/.npm/node-sass/3.7.0/package/package.json written
34 silly install resolved [ { name: 'node-sass',
34 silly install resolved     version: '3.7.0',
34 silly install resolved     libsass: '3.3.6',
34 silly install resolved     description: 'Wrapper around libsass',
34 silly install resolved     license: 'MIT',
34 silly install resolved     bugs: { url: 'https://github.com/sass/node-sass/issues' },
34 silly install resolved     homepage: 'https://github.com/sass/node-sass',
34 silly install resolved     repository:
34 silly install resolved      { type: 'git',
34 silly install resolved        url: 'git+https://github.com/sass/node-sass.git' },
34 silly install resolved     author:
34 silly install resolved      { name: 'Andrew Nesbitt',
34 silly install resolved        email: 'andrewnez@gmail.com',
34 silly install resolved        url: 'http://andrew.github.com' },
34 silly install resolved     engines: { node: '>=0.10.0' },
34 silly install resolved     main: 'lib/index.js',
34 silly install resolved     nodeSassConfig: { binarySite: 'https://github.com/sass/node-sass/releases/download' },
34 silly install resolved     bin: { 'node-sass': 'bin/node-sass' },
34 silly install resolved     gypfile: true,
34 silly install resolved     scripts:
34 silly install resolved      { coverage: 'node scripts/coverage.js',
34 silly install resolved        install: 'node scripts/install.js',
34 silly install resolved        postinstall: 'node scripts/build.js',
34 silly install resolved        pretest: 'jshint bin lib scripts test',
34 silly install resolved        test: 'mocha test',
34 silly install resolved        build: 'node scripts/build.js --force',
34 silly install resolved        prepublish: 'not-in-install && node scripts/prepublish.js || in-install' },
34 silly install resolved     files: [ 'bin', 'binding.gyp', 'lib', 'scripts', 'src', 'vendor' ],
34 silly install resolved     keywords: [ 'css', 'libsass', 'preprocessor', 'sass', 'scss', 'style' ],
34 silly install resolved     dependencies:
34 silly install resolved      { 'async-foreach': '^0.1.3',
34 silly install resolved        chalk: '^1.1.1',
34 silly install resolved        'cross-spawn-async': '^2.1.9',
34 silly install resolved        gaze: '^1.0.0',
34 silly install resolved        'get-stdin': '^4.0.1',
34 silly install resolved        glob: '^7.0.3',
34 silly install resolved        meow: '^3.7.0',
34 silly install resolved        'in-publish': '^2.0.0',
34 silly install resolved        mkdirp: '^0.5.1',
34 silly install resolved        nan: '^2.3.2',
34 silly install resolved        'node-gyp': '^3.3.1',
34 silly install resolved        request: '^2.61.0',
34 silly install resolved        'sass-graph': '^2.1.1' },
34 silly install resolved     devDependencies:
34 silly install resolved      { coveralls: '^2.11.8',
34 silly install resolved        istanbul: '^0.4.2',
34 silly install resolved        jshint: '^2.9.1',
34 silly install resolved        mocha: '^2.4.5',
34 silly install resolved        'mocha-lcov-reporter': '^1.2.0',
34 silly install resolved        rimraf: '^2.5.2' },
34 silly install resolved     gitHead: '993855789e4cbefd0e4c26f4ede59b0d7c1116b5',
34 silly install resolved     _id: 'node-sass@3.7.0',
34 silly install resolved     _shasum: '09a1824b2f60eba5085998b73f2d60d41f209ffc',
34 silly install resolved     _from: 'node-sass@latest',
34 silly install resolved     _npmVersion: '2.14.3',
34 silly install resolved     _nodeVersion: '3.3.1',
34 silly install resolved     _npmUser: { name: 'xzyfer', email: 'xzyfer@gmail.com' },
34 silly install resolved     dist:
34 silly install resolved      { shasum: '09a1824b2f60eba5085998b73f2d60d41f209ffc',
34 silly install resolved        tarball: 'https://registry.npmjs.org/node-sass/-/node-sass-3.7.0.tgz' },
34 silly install resolved     maintainers:
34 silly install resolved      [ [Object],
34 silly install resolved        [Object],
34 silly install resolved        [Object],
34 silly install resolved        [Object],
34 silly install resolved        [Object],
34 silly install resolved        [Object],
34 silly install resolved        [Object] ],
34 silly install resolved     _npmOperationalInternal:
34 silly install resolved      { host: 'packages-16-east.internal.npmjs.com',
34 silly install resolved        tmp: 'tmp/node-sass-3.7.0.tgz_1462269261773_0.03616604791022837' },
34 silly install resolved     directories: {},
34 silly install resolved     _resolved: 'https://registry.npmjs.org/node-sass/-/node-sass-3.7.0.tgz',
34 silly install resolved     readme: 'ERROR: No README data found!' } ]
35 info install node-sass@3.7.0 into /Users/dax/.npm-packages/lib
36 info installOne node-sass@3.7.0
37 verbose installOne of node-sass to /Users/dax/.npm-packages/lib not in flight; installing
38 verbose lock using /Users/dax/.npm/_locks/node-sass-806dbb58b2502954.lock for /Users/dax/.npm-packages/lib/node_modules/node-sass
39 silly install write writing node-sass 3.7.0 to /Users/dax/.npm-packages/lib/node_modules/node-sass
40 verbose unbuild lib/node_modules/node-sass
41 info preuninstall node-sass@3.7.0
42 info uninstall node-sass@3.7.0
43 verbose unbuild rmStuff node-sass@3.7.0 from /Users/dax/.npm-packages/lib/node_modules
44 silly gentlyRm /Users/dax/.npm-packages/bin/node-sass is being gently removed
45 silly gentlyRm verifying /Users/dax/.npm-packages is an npm working directory
46 silly gentlyRm containing path /Users/dax/.npm-packages is under npm's control, in /Users/dax/.npm-packages
47 silly gentlyRm deletion target /Users/dax/.npm-packages/bin/node-sass is under /Users/dax/.npm-packages
48 verbose gentlyRm vacuuming from /Users/dax/.npm-packages/bin/node-sass up to /Users/dax/.npm-packages
49 silly vacuum-fs removing /Users/dax/.npm-packages/bin/node-sass
50 silly vacuum-fs quitting because other entries in /Users/dax/.npm-packages/bin
51 info postuninstall node-sass@3.7.0
52 silly gentlyRm /Users/dax/.npm-packages/lib/node_modules/node-sass is being purged from base /Users/dax/.npm-packages
53 verbose gentlyRm don't care about contents; nuking /Users/dax/.npm-packages/lib/node_modules/node-sass
54 silly vacuum-fs purging /Users/dax/.npm-packages/lib/node_modules/node-sass
55 verbose unlock done using /Users/dax/.npm/_locks/node-sass-806dbb58b2502954.lock for /Users/dax/.npm-packages/lib/node_modules/node-sass
56 verbose stack Error: EACCES: permission denied, unlink '/Users/dax/.npm-packages/lib/node_modules/node-sass/README.md'
56 verbose stack     at Error (native)
57 verbose cwd /Users/dax/Desktop/hidden-city
58 error Darwin 15.4.0
59 error argv "/usr/local/bin/node" "/usr/local/bin/npm" "install" "node-sass" "-g"
60 error node v4.3.1
61 error npm  v2.14.12
62 error path /Users/dax/.npm-packages/lib/node_modules/node-sass/README.md
63 error code EACCES
64 error errno -13
65 error syscall unlink
66 error Error: EACCES: permission denied, unlink '/Users/dax/.npm-packages/lib/node_modules/node-sass/README.md'
66 error     at Error (native)
66 error  { [Error: EACCES: permission denied, unlink '/Users/dax/.npm-packages/lib/node_modules/node-sass/README.md']
66 error   errno: -13,
66 error   code: 'EACCES',
66 error   syscall: 'unlink',
66 error   path: '/Users/dax/.npm-packages/lib/node_modules/node-sass/README.md' }
67 error Please try running this command again as root/Administrator.
68 verbose exit [ -13, true ]
69 verbose unbuild lib/node_modules/node-sass
70 info preuninstall node-sass@3.7.0
71 info uninstall node-sass@3.7.0
72 verbose unbuild rmStuff node-sass@3.7.0 from /Users/dax/.npm-packages/lib/node_modules
73 silly gentlyRm /Users/dax/.npm-packages/bin/node-sass is being gently removed
74 silly gentlyRm verifying /Users/dax/.npm-packages is an npm working directory
75 silly gentlyRm containing path /Users/dax/.npm-packages is under npm's control, in /Users/dax/.npm-packages
76 silly gentlyRm deletion target /Users/dax/.npm-packages/bin/node-sass is under /Users/dax/.npm-packages
77 verbose gentlyRm vacuuming from /Users/dax/.npm-packages/bin/node-sass up to /Users/dax/.npm-packages
78 info postuninstall node-sass@3.7.0
79 silly gentlyRm /Users/dax/.npm-packages/lib/node_modules/node-sass is being purged from base /Users/dax/.npm-packages
80 verbose gentlyRm don't care about contents; nuking /Users/dax/.npm-packages/lib/node_modules/node-sass
81 silly vacuum-fs purging /Users/dax/.npm-packages/lib/node_modules/node-sass
82 error error rolling back Error: EACCES: permission denied, unlink '/Users/dax/.npm-packages/lib/node_modules/node-sass/README.md'
82 error error rolling back     at Error (native)
82 error error rolling back  { [Error: EACCES: permission denied, unlink '/Users/dax/.npm-packages/lib/node_modules/node-sass/README.md']
82 error error rolling back   errno: -13,
82 error error rolling back   code: 'EACCES',
82 error error rolling back   syscall: 'unlink',
82 error error rolling back   path: '/Users/dax/.npm-packages/lib/node_modules/node-sass/README.md' }
